<?xml version="1.0" encoding="UTF-8"?>
<!-- Generated by org.testng.reporters.JUnitXMLReporter -->
<testsuite ignored="1" hostname="User-pc" failures="0" tests="4" name="Test" time="0.057" errors="0" timestamp="2021-10-17T09:30:01 IST">
  <testcase classname="test.day2" name="testMethod2" time="0.007"/>
  <testcase classname="test.day1" name="apiLogin" time="0.002"/>
  <testcase classname="test.day1" name="mobileLogin" time="0.001"/>
  <testcase classname="test.day1" name="webLogin" time="0.001"/>
  <testcase classname="test.day2" name="testMethod1" time="0.0">
    <ignored/>
  </testcase> <!-- testMethod1 -->
</testsuite> <!-- Test -->
