<?xml version="1.0" encoding="UTF-8"?>
<testng-results ignored="1" total="5" passed="4" failed="0" skipped="0">
  <reporter-output>
  </reporter-output>
  <suite started-at="2021-10-17T09:30:01 IST" name="Suite" finished-at="2021-10-17T09:30:01 IST" duration-ms="57">
    <groups>
    </groups>
    <test started-at="2021-10-17T09:30:01 IST" name="Test" finished-at="2021-10-17T09:30:01 IST" duration-ms="57">
      <class name="test.day2">
        <test-method signature="testMethod2()[pri:0, instance:test.day2@6b8ca3c8]" started-at="2021-10-17T09:30:01 IST" name="testMethod2" finished-at="2021-10-17T09:30:01 IST" duration-ms="7" status="PASS">
          <reporter-output>
          </reporter-output>
        </test-method> <!-- testMethod2 -->
      </class> <!-- test.day2 -->
      <class name="test.day1">
        <test-method signature="apiLogin()[pri:0, instance:test.day1@be35cd9]" started-at="2021-10-17T09:30:01 IST" name="apiLogin" finished-at="2021-10-17T09:30:01 IST" duration-ms="2" status="PASS">
          <reporter-output>
          </reporter-output>
        </test-method> <!-- apiLogin -->
        <test-method signature="mobileLogin()[pri:0, instance:test.day1@be35cd9]" started-at="2021-10-17T09:30:01 IST" name="mobileLogin" finished-at="2021-10-17T09:30:01 IST" duration-ms="1" status="PASS">
          <reporter-output>
          </reporter-output>
        </test-method> <!-- mobileLogin -->
        <test-method signature="webLogin()[pri:0, instance:test.day1@be35cd9]" started-at="2021-10-17T09:30:01 IST" name="webLogin" finished-at="2021-10-17T09:30:01 IST" duration-ms="1" status="PASS">
          <reporter-output>
          </reporter-output>
        </test-method> <!-- webLogin -->
      </class> <!-- test.day1 -->
    </test> <!-- Test -->
  </suite> <!-- Suite -->
</testng-results>
